<?xml version="1.0" encoding="UTF-8"?>
<robot generator="Robot 6.1.1 (Python 3.12.7 on linux)" generated="20241114 19:06:05.338" rpa="false" schemaversion="4">
<suite id="s1" name="Tests" source="/home/win/GitHub/palautusrepositorio/viikko3/web-login/src/tests">
<suite id="s1-s1" name="Home" source="/home/win/GitHub/palautusrepositorio/viikko3/web-login/src/tests/home.robot">
<kw name="Open And Configure Browser" library="resource" type="SETUP">
<if>
<branch type="IF" condition="$BROWSER == 'chrome'">
<kw name="Evaluate" library="BuiltIn">
<var>${options}</var>
<arg>sys.modules['selenium.webdriver'].ChromeOptions()</arg>
<arg>sys</arg>
<doc>Evaluates the given expression in Python and returns the result.</doc>
<msg timestamp="20241114 19:06:05.608" level="INFO">${options} = &lt;selenium.webdriver.chrome.options.Options object at 0x7ffb79bb1b50&gt;</msg>
<status status="PASS" starttime="20241114 19:06:05.608" endtime="20241114 19:06:05.608"/>
</kw>
<status status="PASS" starttime="20241114 19:06:05.608" endtime="20241114 19:06:05.608"/>
</branch>
<branch type="ELSE IF" condition="$BROWSER == 'firefox'">
<kw name="Evaluate" library="BuiltIn">
<var>${options}</var>
<arg>sys.modules['selenium.webdriver'].FirefoxOptions()</arg>
<arg>sys</arg>
<doc>Evaluates the given expression in Python and returns the result.</doc>
<status status="NOT RUN" starttime="20241114 19:06:05.608" endtime="20241114 19:06:05.608"/>
</kw>
<status status="NOT RUN" starttime="20241114 19:06:05.608" endtime="20241114 19:06:05.608"/>
</branch>
<status status="PASS" starttime="20241114 19:06:05.608" endtime="20241114 19:06:05.608"/>
</if>
<if>
<branch type="IF" condition="$HEADLESS == 'true'">
<kw name="Set Selenium Speed" library="SeleniumLibrary">
<arg>0</arg>
<doc>Sets the delay that is waited after each Selenium command.</doc>
<status status="NOT RUN" starttime="20241114 19:06:05.608" endtime="20241114 19:06:05.608"/>
</kw>
<kw name="Call Method" library="BuiltIn">
<arg>${options}</arg>
<arg>add_argument</arg>
<arg>--headless</arg>
<doc>Calls the named method of the given object with the provided arguments.</doc>
<status status="NOT RUN" starttime="20241114 19:06:05.608" endtime="20241114 19:06:05.608"/>
</kw>
<status status="NOT RUN" starttime="20241114 19:06:05.608" endtime="20241114 19:06:05.608"/>
</branch>
<branch type="ELSE">
<kw name="Set Selenium Speed" library="SeleniumLibrary">
<arg>${DELAY}</arg>
<doc>Sets the delay that is waited after each Selenium command.</doc>
<status status="PASS" starttime="20241114 19:06:05.609" endtime="20241114 19:06:05.609"/>
</kw>
<status status="PASS" starttime="20241114 19:06:05.608" endtime="20241114 19:06:05.609"/>
</branch>
<status status="PASS" starttime="20241114 19:06:05.608" endtime="20241114 19:06:05.609"/>
</if>
<kw name="Open Browser" library="SeleniumLibrary">
<arg>browser=${BROWSER}</arg>
<arg>options=${options}</arg>
<doc>Opens a new browser instance to the optional ``url``.</doc>
<msg timestamp="20241114 19:06:05.609" level="INFO">Opening browser 'chrome' to base url 'None'.</msg>
<status status="PASS" starttime="20241114 19:06:05.609" endtime="20241114 19:06:07.096"/>
</kw>
<status status="PASS" starttime="20241114 19:06:05.607" endtime="20241114 19:06:07.096"/>
</kw>
<test id="s1-s1-t1" name="Click Login Link" line="8">
<kw name="Reset Application And Go To Starting Page" type="SETUP">
<kw name="Reset Application" library="AppLibrary">
<status status="PASS" starttime="20241114 19:06:07.097" endtime="20241114 19:06:07.102"/>
</kw>
<kw name="Go To Starting Page" library="resource">
<kw name="Go To" library="SeleniumLibrary">
<arg>${HOME_URL}</arg>
<doc>Navigates the current browser window to the provided ``url``.</doc>
<msg timestamp="20241114 19:06:07.103" level="INFO">Opening url 'http://localhost:5001'</msg>
<status status="PASS" starttime="20241114 19:06:07.103" endtime="20241114 19:06:07.294"/>
</kw>
<status status="PASS" starttime="20241114 19:06:07.102" endtime="20241114 19:06:07.294"/>
</kw>
<status status="PASS" starttime="20241114 19:06:07.097" endtime="20241114 19:06:07.294"/>
</kw>
<kw name="Click Link" library="SeleniumLibrary">
<arg>Login</arg>
<doc>Clicks a link identified by ``locator``.</doc>
<msg timestamp="20241114 19:06:07.294" level="INFO">Clicking link 'Login'.</msg>
<status status="PASS" starttime="20241114 19:06:07.294" endtime="20241114 19:06:07.737"/>
</kw>
<kw name="Login Page Should Be Open" library="resource">
<kw name="Title Should Be" library="SeleniumLibrary">
<arg>Login</arg>
<doc>Verifies that the current page title equals ``title``.</doc>
<msg timestamp="20241114 19:06:07.855" level="INFO">Page title is 'Login'.</msg>
<status status="PASS" starttime="20241114 19:06:07.738" endtime="20241114 19:06:07.855"/>
</kw>
<status status="PASS" starttime="20241114 19:06:07.737" endtime="20241114 19:06:07.856"/>
</kw>
<status status="PASS" starttime="20241114 19:06:07.096" endtime="20241114 19:06:07.856"/>
</test>
<test id="s1-s1-t2" name="Click Register Link" line="12">
<kw name="Reset Application And Go To Starting Page" type="SETUP">
<kw name="Reset Application" library="AppLibrary">
<status status="PASS" starttime="20241114 19:06:07.858" endtime="20241114 19:06:07.864"/>
</kw>
<kw name="Go To Starting Page" library="resource">
<kw name="Go To" library="SeleniumLibrary">
<arg>${HOME_URL}</arg>
<doc>Navigates the current browser window to the provided ``url``.</doc>
<msg timestamp="20241114 19:06:07.865" level="INFO">Opening url 'http://localhost:5001'</msg>
<status status="PASS" starttime="20241114 19:06:07.865" endtime="20241114 19:06:08.001"/>
</kw>
<status status="PASS" starttime="20241114 19:06:07.865" endtime="20241114 19:06:08.001"/>
</kw>
<status status="PASS" starttime="20241114 19:06:07.858" endtime="20241114 19:06:08.001"/>
</kw>
<kw name="Click Link" library="SeleniumLibrary">
<arg>Register new user</arg>
<doc>Clicks a link identified by ``locator``.</doc>
<msg timestamp="20241114 19:06:08.001" level="INFO">Clicking link 'Register new user'.</msg>
<status status="PASS" starttime="20241114 19:06:08.001" endtime="20241114 19:06:08.409"/>
</kw>
<kw name="Register Page Should Be Open" library="resource">
<kw name="Title Should Be" library="SeleniumLibrary">
<arg>Register</arg>
<doc>Verifies that the current page title equals ``title``.</doc>
<msg timestamp="20241114 19:06:08.519" level="INFO">Page title is 'Register'.</msg>
<status status="PASS" starttime="20241114 19:06:08.409" endtime="20241114 19:06:08.519"/>
</kw>
<status status="PASS" starttime="20241114 19:06:08.409" endtime="20241114 19:06:08.520"/>
</kw>
<status status="PASS" starttime="20241114 19:06:07.857" endtime="20241114 19:06:08.521"/>
</test>
<kw name="Close Browser" library="SeleniumLibrary" type="TEARDOWN">
<doc>Closes the current browser.</doc>
<status status="PASS" starttime="20241114 19:06:08.526" endtime="20241114 19:06:08.684"/>
</kw>
<status status="PASS" starttime="20241114 19:06:05.367" endtime="20241114 19:06:08.684"/>
</suite>
<suite id="s1-s2" name="Login" source="/home/win/GitHub/palautusrepositorio/viikko3/web-login/src/tests/login.robot">
<kw name="Open And Configure Browser" library="resource" type="SETUP">
<if>
<branch type="IF" condition="$BROWSER == 'chrome'">
<kw name="Evaluate" library="BuiltIn">
<var>${options}</var>
<arg>sys.modules['selenium.webdriver'].ChromeOptions()</arg>
<arg>sys</arg>
<doc>Evaluates the given expression in Python and returns the result.</doc>
<msg timestamp="20241114 19:06:08.690" level="INFO">${options} = &lt;selenium.webdriver.chrome.options.Options object at 0x7ffb7a0fc230&gt;</msg>
<status status="PASS" starttime="20241114 19:06:08.689" endtime="20241114 19:06:08.690"/>
</kw>
<status status="PASS" starttime="20241114 19:06:08.689" endtime="20241114 19:06:08.690"/>
</branch>
<branch type="ELSE IF" condition="$BROWSER == 'firefox'">
<kw name="Evaluate" library="BuiltIn">
<var>${options}</var>
<arg>sys.modules['selenium.webdriver'].FirefoxOptions()</arg>
<arg>sys</arg>
<doc>Evaluates the given expression in Python and returns the result.</doc>
<status status="NOT RUN" starttime="20241114 19:06:08.690" endtime="20241114 19:06:08.690"/>
</kw>
<status status="NOT RUN" starttime="20241114 19:06:08.690" endtime="20241114 19:06:08.690"/>
</branch>
<status status="PASS" starttime="20241114 19:06:08.689" endtime="20241114 19:06:08.691"/>
</if>
<if>
<branch type="IF" condition="$HEADLESS == 'true'">
<kw name="Set Selenium Speed" library="SeleniumLibrary">
<arg>0</arg>
<doc>Sets the delay that is waited after each Selenium command.</doc>
<status status="NOT RUN" starttime="20241114 19:06:08.691" endtime="20241114 19:06:08.691"/>
</kw>
<kw name="Call Method" library="BuiltIn">
<arg>${options}</arg>
<arg>add_argument</arg>
<arg>--headless</arg>
<doc>Calls the named method of the given object with the provided arguments.</doc>
<status status="NOT RUN" starttime="20241114 19:06:08.691" endtime="20241114 19:06:08.691"/>
</kw>
<status status="NOT RUN" starttime="20241114 19:06:08.691" endtime="20241114 19:06:08.691"/>
</branch>
<branch type="ELSE">
<kw name="Set Selenium Speed" library="SeleniumLibrary">
<arg>${DELAY}</arg>
<doc>Sets the delay that is waited after each Selenium command.</doc>
<status status="PASS" starttime="20241114 19:06:08.691" endtime="20241114 19:06:08.700"/>
</kw>
<status status="PASS" starttime="20241114 19:06:08.691" endtime="20241114 19:06:08.701"/>
</branch>
<status status="PASS" starttime="20241114 19:06:08.691" endtime="20241114 19:06:08.701"/>
</if>
<kw name="Open Browser" library="SeleniumLibrary">
<arg>browser=${BROWSER}</arg>
<arg>options=${options}</arg>
<doc>Opens a new browser instance to the optional ``url``.</doc>
<msg timestamp="20241114 19:06:08.701" level="INFO">Opening browser 'chrome' to base url 'None'.</msg>
<status status="PASS" starttime="20241114 19:06:08.701" endtime="20241114 19:06:09.229"/>
</kw>
<status status="PASS" starttime="20241114 19:06:08.689" endtime="20241114 19:06:09.229"/>
</kw>
<test id="s1-s2-t1" name="Login With Correct Credentials" line="8">
<kw name="Reset Application Create User And Go To Login Page" type="SETUP">
<kw name="Reset Application" library="AppLibrary">
<status status="PASS" starttime="20241114 19:06:09.230" endtime="20241114 19:06:09.232"/>
</kw>
<kw name="Create User" library="AppLibrary">
<arg>kalle</arg>
<arg>kalle123</arg>
<status status="PASS" starttime="20241114 19:06:09.233" endtime="20241114 19:06:09.242"/>
</kw>
<kw name="Go To Login Page" library="resource">
<kw name="Go To" library="SeleniumLibrary">
<arg>${LOGIN_URL}</arg>
<doc>Navigates the current browser window to the provided ``url``.</doc>
<msg timestamp="20241114 19:06:09.243" level="INFO">Opening url 'http://localhost:5001/login'</msg>
<status status="PASS" starttime="20241114 19:06:09.243" endtime="20241114 19:06:09.418"/>
</kw>
<status status="PASS" starttime="20241114 19:06:09.243" endtime="20241114 19:06:09.418"/>
</kw>
<status status="PASS" starttime="20241114 19:06:09.229" endtime="20241114 19:06:09.418"/>
</kw>
<kw name="Set Username">
<arg>kalle</arg>
<kw name="Input Text" library="SeleniumLibrary">
<arg>username</arg>
<arg>${username}</arg>
<doc>Types the given ``text`` into the text field identified by ``locator``.</doc>
<msg timestamp="20241114 19:06:09.419" level="INFO">Typing text 'kalle' into text field 'username'.</msg>
<status status="PASS" starttime="20241114 19:06:09.419" endtime="20241114 19:06:09.921"/>
</kw>
<status status="PASS" starttime="20241114 19:06:09.418" endtime="20241114 19:06:09.921"/>
</kw>
<kw name="Set Password">
<arg>kalle123</arg>
<kw name="Input Password" library="SeleniumLibrary">
<arg>password</arg>
<arg>${password}</arg>
<doc>Types the given password into the text field identified by ``locator``.</doc>
<msg timestamp="20241114 19:06:09.922" level="INFO">Typing password into text field 'password'.</msg>
<msg timestamp="20241114 19:06:10.162" level="INFO">Temporally setting log level to: NONE</msg>
<msg timestamp="20241114 19:06:10.331" level="INFO">Log level changed from NONE to INFO.</msg>
<status status="PASS" starttime="20241114 19:06:09.921" endtime="20241114 19:06:10.332"/>
</kw>
<status status="PASS" starttime="20241114 19:06:09.921" endtime="20241114 19:06:10.332"/>
</kw>
<kw name="Submit Credentials">
<kw name="Click Button" library="SeleniumLibrary">
<arg>Login</arg>
<doc>Clicks the button identified by ``locator``.</doc>
<msg timestamp="20241114 19:06:10.332" level="INFO">Clicking button 'Login'.</msg>
<status status="PASS" starttime="20241114 19:06:10.332" endtime="20241114 19:06:10.876"/>
</kw>
<status status="PASS" starttime="20241114 19:06:10.332" endtime="20241114 19:06:10.876"/>
</kw>
<kw name="Login Should Succeed">
<kw name="Main Page Should Be Open" library="resource">
<kw name="Title Should Be" library="SeleniumLibrary">
<arg>Ohtu Application main page</arg>
<doc>Verifies that the current page title equals ``title``.</doc>
<msg timestamp="20241114 19:06:10.987" level="INFO">Page title is 'Ohtu Application main page'.</msg>
<status status="PASS" starttime="20241114 19:06:10.876" endtime="20241114 19:06:10.987"/>
</kw>
<status status="PASS" starttime="20241114 19:06:10.876" endtime="20241114 19:06:10.987"/>
</kw>
<status status="PASS" starttime="20241114 19:06:10.876" endtime="20241114 19:06:10.987"/>
</kw>
<status status="PASS" starttime="20241114 19:06:09.229" endtime="20241114 19:06:10.987"/>
</test>
<test id="s1-s2-t2" name="Login With Incorrect Password" line="14">
<kw name="Reset Application Create User And Go To Login Page" type="SETUP">
<kw name="Reset Application" library="AppLibrary">
<status status="PASS" starttime="20241114 19:06:10.988" endtime="20241114 19:06:10.992"/>
</kw>
<kw name="Create User" library="AppLibrary">
<arg>kalle</arg>
<arg>kalle123</arg>
<status status="PASS" starttime="20241114 19:06:10.992" endtime="20241114 19:06:11.001"/>
</kw>
<kw name="Go To Login Page" library="resource">
<kw name="Go To" library="SeleniumLibrary">
<arg>${LOGIN_URL}</arg>
<doc>Navigates the current browser window to the provided ``url``.</doc>
<msg timestamp="20241114 19:06:11.002" level="INFO">Opening url 'http://localhost:5001/login'</msg>
<status status="PASS" starttime="20241114 19:06:11.002" endtime="20241114 19:06:11.143"/>
</kw>
<status status="PASS" starttime="20241114 19:06:11.001" endtime="20241114 19:06:11.143"/>
</kw>
<status status="PASS" starttime="20241114 19:06:10.988" endtime="20241114 19:06:11.143"/>
</kw>
<kw name="Set Username">
<arg>kalle</arg>
<kw name="Input Text" library="SeleniumLibrary">
<arg>username</arg>
<arg>${username}</arg>
<doc>Types the given ``text`` into the text field identified by ``locator``.</doc>
<msg timestamp="20241114 19:06:11.144" level="INFO">Typing text 'kalle' into text field 'username'.</msg>
<status status="PASS" starttime="20241114 19:06:11.144" endtime="20241114 19:06:11.552"/>
</kw>
<status status="PASS" starttime="20241114 19:06:11.143" endtime="20241114 19:06:11.552"/>
</kw>
<kw name="Set Password">
<arg>kalle456</arg>
<kw name="Input Password" library="SeleniumLibrary">
<arg>password</arg>
<arg>${password}</arg>
<doc>Types the given password into the text field identified by ``locator``.</doc>
<msg timestamp="20241114 19:06:11.553" level="INFO">Typing password into text field 'password'.</msg>
<msg timestamp="20241114 19:06:11.800" level="INFO">Temporally setting log level to: NONE</msg>
<msg timestamp="20241114 19:06:11.958" level="INFO">Log level changed from NONE to INFO.</msg>
<status status="PASS" starttime="20241114 19:06:11.552" endtime="20241114 19:06:11.958"/>
</kw>
<status status="PASS" starttime="20241114 19:06:11.552" endtime="20241114 19:06:11.959"/>
</kw>
<kw name="Submit Credentials">
<kw name="Click Button" library="SeleniumLibrary">
<arg>Login</arg>
<doc>Clicks the button identified by ``locator``.</doc>
<msg timestamp="20241114 19:06:11.960" level="INFO">Clicking button 'Login'.</msg>
<status status="PASS" starttime="20241114 19:06:11.960" endtime="20241114 19:06:12.467"/>
</kw>
<status status="PASS" starttime="20241114 19:06:11.959" endtime="20241114 19:06:12.467"/>
</kw>
<kw name="Login Should Fail With Message">
<arg>Invalid username or password</arg>
<kw name="Login Page Should Be Open" library="resource">
<kw name="Title Should Be" library="SeleniumLibrary">
<arg>Login</arg>
<doc>Verifies that the current page title equals ``title``.</doc>
<msg timestamp="20241114 19:06:12.573" level="INFO">Page title is 'Login'.</msg>
<status status="PASS" starttime="20241114 19:06:12.468" endtime="20241114 19:06:12.573"/>
</kw>
<status status="PASS" starttime="20241114 19:06:12.468" endtime="20241114 19:06:12.573"/>
</kw>
<kw name="Page Should Contain" library="SeleniumLibrary">
<arg>${message}</arg>
<doc>Verifies that current page contains ``text``.</doc>
<msg timestamp="20241114 19:06:12.804" level="INFO">Current page contains text 'Invalid username or password'.</msg>
<status status="PASS" starttime="20241114 19:06:12.574" endtime="20241114 19:06:12.805"/>
</kw>
<status status="PASS" starttime="20241114 19:06:12.467" endtime="20241114 19:06:12.805"/>
</kw>
<status status="PASS" starttime="20241114 19:06:10.988" endtime="20241114 19:06:12.805"/>
</test>
<test id="s1-s2-t3" name="Login With Nonexistent Username" line="20">
<kw name="Reset Application Create User And Go To Login Page" type="SETUP">
<kw name="Reset Application" library="AppLibrary">
<status status="PASS" starttime="20241114 19:06:12.806" endtime="20241114 19:06:12.811"/>
</kw>
<kw name="Create User" library="AppLibrary">
<arg>kalle</arg>
<arg>kalle123</arg>
<status status="PASS" starttime="20241114 19:06:12.811" endtime="20241114 19:06:12.818"/>
</kw>
<kw name="Go To Login Page" library="resource">
<kw name="Go To" library="SeleniumLibrary">
<arg>${LOGIN_URL}</arg>
<doc>Navigates the current browser window to the provided ``url``.</doc>
<msg timestamp="20241114 19:06:12.818" level="INFO">Opening url 'http://localhost:5001/login'</msg>
<status status="PASS" starttime="20241114 19:06:12.818" endtime="20241114 19:06:12.950"/>
</kw>
<status status="PASS" starttime="20241114 19:06:12.818" endtime="20241114 19:06:12.950"/>
</kw>
<status status="PASS" starttime="20241114 19:06:12.806" endtime="20241114 19:06:12.950"/>
</kw>
<kw name="Set Username">
<arg>asdasd</arg>
<kw name="Input Text" library="SeleniumLibrary">
<arg>username</arg>
<arg>${username}</arg>
<doc>Types the given ``text`` into the text field identified by ``locator``.</doc>
<msg timestamp="20241114 19:06:12.952" level="INFO">Typing text 'asdasd' into text field 'username'.</msg>
<status status="PASS" starttime="20241114 19:06:12.951" endtime="20241114 19:06:13.346"/>
</kw>
<status status="PASS" starttime="20241114 19:06:12.951" endtime="20241114 19:06:13.346"/>
</kw>
<kw name="Set Password">
<arg>kalle123</arg>
<kw name="Input Password" library="SeleniumLibrary">
<arg>password</arg>
<arg>${password}</arg>
<doc>Types the given password into the text field identified by ``locator``.</doc>
<msg timestamp="20241114 19:06:13.347" level="INFO">Typing password into text field 'password'.</msg>
<msg timestamp="20241114 19:06:13.578" level="INFO">Temporally setting log level to: NONE</msg>
<msg timestamp="20241114 19:06:13.740" level="INFO">Log level changed from NONE to INFO.</msg>
<status status="PASS" starttime="20241114 19:06:13.346" endtime="20241114 19:06:13.740"/>
</kw>
<status status="PASS" starttime="20241114 19:06:13.346" endtime="20241114 19:06:13.740"/>
</kw>
<kw name="Submit Credentials">
<kw name="Click Button" library="SeleniumLibrary">
<arg>Login</arg>
<doc>Clicks the button identified by ``locator``.</doc>
<msg timestamp="20241114 19:06:13.741" level="INFO">Clicking button 'Login'.</msg>
<status status="PASS" starttime="20241114 19:06:13.741" endtime="20241114 19:06:14.305"/>
</kw>
<status status="PASS" starttime="20241114 19:06:13.740" endtime="20241114 19:06:14.305"/>
</kw>
<kw name="Login Should Fail With Message">
<arg>Invalid username or password</arg>
<kw name="Login Page Should Be Open" library="resource">
<kw name="Title Should Be" library="SeleniumLibrary">
<arg>Login</arg>
<doc>Verifies that the current page title equals ``title``.</doc>
<msg timestamp="20241114 19:06:14.413" level="INFO">Page title is 'Login'.</msg>
<status status="PASS" starttime="20241114 19:06:14.306" endtime="20241114 19:06:14.414"/>
</kw>
<status status="PASS" starttime="20241114 19:06:14.306" endtime="20241114 19:06:14.414"/>
</kw>
<kw name="Page Should Contain" library="SeleniumLibrary">
<arg>${message}</arg>
<doc>Verifies that current page contains ``text``.</doc>
<msg timestamp="20241114 19:06:14.628" level="INFO">Current page contains text 'Invalid username or password'.</msg>
<status status="PASS" starttime="20241114 19:06:14.414" endtime="20241114 19:06:14.628"/>
</kw>
<status status="PASS" starttime="20241114 19:06:14.305" endtime="20241114 19:06:14.628"/>
</kw>
<status status="PASS" starttime="20241114 19:06:12.806" endtime="20241114 19:06:14.628"/>
</test>
<kw name="Close Browser" library="SeleniumLibrary" type="TEARDOWN">
<doc>Closes the current browser.</doc>
<status status="PASS" starttime="20241114 19:06:14.630" endtime="20241114 19:06:14.786"/>
</kw>
<status status="PASS" starttime="20241114 19:06:08.685" endtime="20241114 19:06:14.786"/>
</suite>
<suite id="s1-s3" name="Register" source="/home/win/GitHub/palautusrepositorio/viikko3/web-login/src/tests/register.robot">
<kw name="Open And Configure Browser" library="resource" type="SETUP">
<if>
<branch type="IF" condition="$BROWSER == 'chrome'">
<kw name="Evaluate" library="BuiltIn">
<var>${options}</var>
<arg>sys.modules['selenium.webdriver'].ChromeOptions()</arg>
<arg>sys</arg>
<doc>Evaluates the given expression in Python and returns the result.</doc>
<msg timestamp="20241114 19:06:14.791" level="INFO">${options} = &lt;selenium.webdriver.chrome.options.Options object at 0x7ffb79bb33b0&gt;</msg>
<status status="PASS" starttime="20241114 19:06:14.791" endtime="20241114 19:06:14.791"/>
</kw>
<status status="PASS" starttime="20241114 19:06:14.790" endtime="20241114 19:06:14.791"/>
</branch>
<branch type="ELSE IF" condition="$BROWSER == 'firefox'">
<kw name="Evaluate" library="BuiltIn">
<var>${options}</var>
<arg>sys.modules['selenium.webdriver'].FirefoxOptions()</arg>
<arg>sys</arg>
<doc>Evaluates the given expression in Python and returns the result.</doc>
<status status="NOT RUN" starttime="20241114 19:06:14.791" endtime="20241114 19:06:14.791"/>
</kw>
<status status="NOT RUN" starttime="20241114 19:06:14.791" endtime="20241114 19:06:14.791"/>
</branch>
<status status="PASS" starttime="20241114 19:06:14.790" endtime="20241114 19:06:14.791"/>
</if>
<if>
<branch type="IF" condition="$HEADLESS == 'true'">
<kw name="Set Selenium Speed" library="SeleniumLibrary">
<arg>0</arg>
<doc>Sets the delay that is waited after each Selenium command.</doc>
<status status="NOT RUN" starttime="20241114 19:06:14.792" endtime="20241114 19:06:14.792"/>
</kw>
<kw name="Call Method" library="BuiltIn">
<arg>${options}</arg>
<arg>add_argument</arg>
<arg>--headless</arg>
<doc>Calls the named method of the given object with the provided arguments.</doc>
<status status="NOT RUN" starttime="20241114 19:06:14.792" endtime="20241114 19:06:14.792"/>
</kw>
<status status="NOT RUN" starttime="20241114 19:06:14.791" endtime="20241114 19:06:14.792"/>
</branch>
<branch type="ELSE">
<kw name="Set Selenium Speed" library="SeleniumLibrary">
<arg>${DELAY}</arg>
<doc>Sets the delay that is waited after each Selenium command.</doc>
<status status="PASS" starttime="20241114 19:06:14.792" endtime="20241114 19:06:14.792"/>
</kw>
<status status="PASS" starttime="20241114 19:06:14.792" endtime="20241114 19:06:14.792"/>
</branch>
<status status="PASS" starttime="20241114 19:06:14.791" endtime="20241114 19:06:14.792"/>
</if>
<kw name="Open Browser" library="SeleniumLibrary">
<arg>browser=${BROWSER}</arg>
<arg>options=${options}</arg>
<doc>Opens a new browser instance to the optional ``url``.</doc>
<msg timestamp="20241114 19:06:14.792" level="INFO">Opening browser 'chrome' to base url 'None'.</msg>
<status status="PASS" starttime="20241114 19:06:14.792" endtime="20241114 19:06:15.193"/>
</kw>
<status status="PASS" starttime="20241114 19:06:14.790" endtime="20241114 19:06:15.193"/>
</kw>
<test id="s1-s3-t1" name="Register With Valid Username And Password" line="13">
<kw name="Reset Application Create User And Go To Register Page" type="SETUP">
<kw name="Reset Application" library="AppLibrary">
<status status="PASS" starttime="20241114 19:06:15.194" endtime="20241114 19:06:15.197"/>
</kw>
<kw name="Create User" library="AppLibrary">
<arg>kalle</arg>
<arg>kalle123</arg>
<status status="PASS" starttime="20241114 19:06:15.197" endtime="20241114 19:06:15.209"/>
</kw>
<kw name="Go To Register Page" library="resource">
<kw name="Go To" library="SeleniumLibrary">
<arg>${REGISTER_URL}</arg>
<doc>Navigates the current browser window to the provided ``url``.</doc>
<msg timestamp="20241114 19:06:15.211" level="INFO">Opening url 'http://localhost:5001/register'</msg>
<status status="PASS" starttime="20241114 19:06:15.210" endtime="20241114 19:06:15.398"/>
</kw>
<status status="PASS" starttime="20241114 19:06:15.210" endtime="20241114 19:06:15.398"/>
</kw>
<status status="PASS" starttime="20241114 19:06:15.193" endtime="20241114 19:06:15.398"/>
</kw>
<kw name="Create User With Valid Inputs">
<kw name="Set Username">
<arg>${USERNAME}</arg>
<kw name="Input Text" library="SeleniumLibrary">
<arg>username</arg>
<arg>${username}</arg>
<doc>Types the given ``text`` into the text field identified by ``locator``.</doc>
<msg timestamp="20241114 19:06:15.399" level="INFO">Typing text 'joniman' into text field 'username'.</msg>
<status status="PASS" starttime="20241114 19:06:15.398" endtime="20241114 19:06:15.799"/>
</kw>
<status status="PASS" starttime="20241114 19:06:15.398" endtime="20241114 19:06:15.799"/>
</kw>
<kw name="Set Password">
<arg>${PASSWORD}</arg>
<kw name="Input Password" library="SeleniumLibrary">
<arg>password</arg>
<arg>${password}</arg>
<doc>Types the given password into the text field identified by ``locator``.</doc>
<msg timestamp="20241114 19:06:15.799" level="INFO">Typing password into text field 'password'.</msg>
<msg timestamp="20241114 19:06:16.033" level="INFO">Temporally setting log level to: NONE</msg>
<msg timestamp="20241114 19:06:16.170" level="INFO">Log level changed from NONE to INFO.</msg>
<status status="PASS" starttime="20241114 19:06:15.799" endtime="20241114 19:06:16.170"/>
</kw>
<status status="PASS" starttime="20241114 19:06:15.799" endtime="20241114 19:06:16.170"/>
</kw>
<kw name="Set Password Confirmation">
<arg>${PASSWORD}</arg>
<kw name="Input Password" library="SeleniumLibrary">
<arg>password_confirmation</arg>
<arg>${password_confirmation}</arg>
<doc>Types the given password into the text field identified by ``locator``.</doc>
<msg timestamp="20241114 19:06:16.171" level="INFO">Typing password into text field 'password_confirmation'.</msg>
<msg timestamp="20241114 19:06:16.405" level="INFO">Temporally setting log level to: NONE</msg>
<msg timestamp="20241114 19:06:16.548" level="INFO">Log level changed from NONE to INFO.</msg>
<status status="PASS" starttime="20241114 19:06:16.171" endtime="20241114 19:06:16.548"/>
</kw>
<status status="PASS" starttime="20241114 19:06:16.170" endtime="20241114 19:06:16.549"/>
</kw>
<kw name="Submit Credentials">
<kw name="Click Button" library="SeleniumLibrary">
<arg>Register</arg>
<doc>Clicks the button identified by ``locator``.</doc>
<msg timestamp="20241114 19:06:16.550" level="INFO">Clicking button 'Register'.</msg>
<status status="PASS" starttime="20241114 19:06:16.549" endtime="20241114 19:06:17.055"/>
</kw>
<status status="PASS" starttime="20241114 19:06:16.549" endtime="20241114 19:06:17.055"/>
</kw>
<status status="PASS" starttime="20241114 19:06:15.398" endtime="20241114 19:06:17.055"/>
</kw>
<kw name="Register Should Success">
<kw name="Welcome Page Should Be Open" library="resource">
<kw name="Title Should Be" library="SeleniumLibrary">
<arg>Welcome to Ohtu Application!</arg>
<doc>Verifies that the current page title equals ``title``.</doc>
<msg timestamp="20241114 19:06:17.164" level="INFO">Page title is 'Welcome to Ohtu Application!'.</msg>
<status status="PASS" starttime="20241114 19:06:17.056" endtime="20241114 19:06:17.165"/>
</kw>
<status status="PASS" starttime="20241114 19:06:17.056" endtime="20241114 19:06:17.165"/>
</kw>
<status status="PASS" starttime="20241114 19:06:17.055" endtime="20241114 19:06:17.165"/>
</kw>
<status status="PASS" starttime="20241114 19:06:15.193" endtime="20241114 19:06:17.165"/>
</test>
<test id="s1-s3-t2" name="Register With Too Short Username And Valid Password" line="17">
<kw name="Reset Application Create User And Go To Register Page" type="SETUP">
<kw name="Reset Application" library="AppLibrary">
<status status="PASS" starttime="20241114 19:06:17.166" endtime="20241114 19:06:17.170"/>
</kw>
<kw name="Create User" library="AppLibrary">
<arg>kalle</arg>
<arg>kalle123</arg>
<status status="PASS" starttime="20241114 19:06:17.170" endtime="20241114 19:06:17.177"/>
</kw>
<kw name="Go To Register Page" library="resource">
<kw name="Go To" library="SeleniumLibrary">
<arg>${REGISTER_URL}</arg>
<doc>Navigates the current browser window to the provided ``url``.</doc>
<msg timestamp="20241114 19:06:17.178" level="INFO">Opening url 'http://localhost:5001/register'</msg>
<status status="PASS" starttime="20241114 19:06:17.178" endtime="20241114 19:06:17.308"/>
</kw>
<status status="PASS" starttime="20241114 19:06:17.177" endtime="20241114 19:06:17.308"/>
</kw>
<status status="PASS" starttime="20241114 19:06:17.165" endtime="20241114 19:06:17.309"/>
</kw>
<kw name="Set Username">
<arg>j</arg>
<kw name="Input Text" library="SeleniumLibrary">
<arg>username</arg>
<arg>${username}</arg>
<doc>Types the given ``text`` into the text field identified by ``locator``.</doc>
<msg timestamp="20241114 19:06:17.310" level="INFO">Typing text 'j' into text field 'username'.</msg>
<status status="PASS" starttime="20241114 19:06:17.309" endtime="20241114 19:06:17.707"/>
</kw>
<status status="PASS" starttime="20241114 19:06:17.309" endtime="20241114 19:06:17.707"/>
</kw>
<kw name="Set Password">
<arg>asdasd123</arg>
<kw name="Input Password" library="SeleniumLibrary">
<arg>password</arg>
<arg>${password}</arg>
<doc>Types the given password into the text field identified by ``locator``.</doc>
<msg timestamp="20241114 19:06:17.709" level="INFO">Typing password into text field 'password'.</msg>
<msg timestamp="20241114 19:06:17.964" level="INFO">Temporally setting log level to: NONE</msg>
<msg timestamp="20241114 19:06:18.126" level="INFO">Log level changed from NONE to INFO.</msg>
<status status="PASS" starttime="20241114 19:06:17.708" endtime="20241114 19:06:18.126"/>
</kw>
<status status="PASS" starttime="20241114 19:06:17.708" endtime="20241114 19:06:18.126"/>
</kw>
<kw name="Set Password Confirmation">
<arg>asdasd123</arg>
<kw name="Input Password" library="SeleniumLibrary">
<arg>password_confirmation</arg>
<arg>${password_confirmation}</arg>
<doc>Types the given password into the text field identified by ``locator``.</doc>
<msg timestamp="20241114 19:06:18.126" level="INFO">Typing password into text field 'password_confirmation'.</msg>
<msg timestamp="20241114 19:06:18.373" level="INFO">Temporally setting log level to: NONE</msg>
<msg timestamp="20241114 19:06:18.525" level="INFO">Log level changed from NONE to INFO.</msg>
<status status="PASS" starttime="20241114 19:06:18.126" endtime="20241114 19:06:18.525"/>
</kw>
<status status="PASS" starttime="20241114 19:06:18.126" endtime="20241114 19:06:18.525"/>
</kw>
<kw name="Submit Credentials">
<kw name="Click Button" library="SeleniumLibrary">
<arg>Register</arg>
<doc>Clicks the button identified by ``locator``.</doc>
<msg timestamp="20241114 19:06:18.525" level="INFO">Clicking button 'Register'.</msg>
<status status="PASS" starttime="20241114 19:06:18.525" endtime="20241114 19:06:19.000"/>
</kw>
<status status="PASS" starttime="20241114 19:06:18.525" endtime="20241114 19:06:19.000"/>
</kw>
<kw name="Register Should Fail With Message">
<arg>Username must be at least three characters long.</arg>
<kw name="Register Page Should Be Open" library="resource">
<kw name="Title Should Be" library="SeleniumLibrary">
<arg>Register</arg>
<doc>Verifies that the current page title equals ``title``.</doc>
<msg timestamp="20241114 19:06:19.111" level="INFO">Page title is 'Register'.</msg>
<status status="PASS" starttime="20241114 19:06:19.001" endtime="20241114 19:06:19.111"/>
</kw>
<status status="PASS" starttime="20241114 19:06:19.001" endtime="20241114 19:06:19.111"/>
</kw>
<kw name="Page Should Contain" library="SeleniumLibrary">
<arg>${message}</arg>
<doc>Verifies that current page contains ``text``.</doc>
<msg timestamp="20241114 19:06:19.328" level="INFO">Current page contains text 'Username must be at least three characters long.'.</msg>
<status status="PASS" starttime="20241114 19:06:19.111" endtime="20241114 19:06:19.329"/>
</kw>
<status status="PASS" starttime="20241114 19:06:19.001" endtime="20241114 19:06:19.329"/>
</kw>
<status status="PASS" starttime="20241114 19:06:17.165" endtime="20241114 19:06:19.329"/>
</test>
<test id="s1-s3-t3" name="Register With Valid Username And Too Short Password" line="24">
<kw name="Reset Application Create User And Go To Register Page" type="SETUP">
<kw name="Reset Application" library="AppLibrary">
<status status="PASS" starttime="20241114 19:06:19.330" endtime="20241114 19:06:19.333"/>
</kw>
<kw name="Create User" library="AppLibrary">
<arg>kalle</arg>
<arg>kalle123</arg>
<status status="PASS" starttime="20241114 19:06:19.333" endtime="20241114 19:06:19.338"/>
</kw>
<kw name="Go To Register Page" library="resource">
<kw name="Go To" library="SeleniumLibrary">
<arg>${REGISTER_URL}</arg>
<doc>Navigates the current browser window to the provided ``url``.</doc>
<msg timestamp="20241114 19:06:19.339" level="INFO">Opening url 'http://localhost:5001/register'</msg>
<status status="PASS" starttime="20241114 19:06:19.338" endtime="20241114 19:06:19.465"/>
</kw>
<status status="PASS" starttime="20241114 19:06:19.338" endtime="20241114 19:06:19.465"/>
</kw>
<status status="PASS" starttime="20241114 19:06:19.330" endtime="20241114 19:06:19.465"/>
</kw>
<kw name="Set Username">
<arg>joniman</arg>
<kw name="Input Text" library="SeleniumLibrary">
<arg>username</arg>
<arg>${username}</arg>
<doc>Types the given ``text`` into the text field identified by ``locator``.</doc>
<msg timestamp="20241114 19:06:19.466" level="INFO">Typing text 'joniman' into text field 'username'.</msg>
<status status="PASS" starttime="20241114 19:06:19.466" endtime="20241114 19:06:19.863"/>
</kw>
<status status="PASS" starttime="20241114 19:06:19.465" endtime="20241114 19:06:19.863"/>
</kw>
<kw name="Set Password">
<arg>asd</arg>
<kw name="Input Password" library="SeleniumLibrary">
<arg>password</arg>
<arg>${password}</arg>
<doc>Types the given password into the text field identified by ``locator``.</doc>
<msg timestamp="20241114 19:06:19.865" level="INFO">Typing password into text field 'password'.</msg>
<msg timestamp="20241114 19:06:20.118" level="INFO">Temporally setting log level to: NONE</msg>
<msg timestamp="20241114 19:06:20.265" level="INFO">Log level changed from NONE to INFO.</msg>
<status status="PASS" starttime="20241114 19:06:19.864" endtime="20241114 19:06:20.265"/>
</kw>
<status status="PASS" starttime="20241114 19:06:19.864" endtime="20241114 19:06:20.265"/>
</kw>
<kw name="Set Password Confirmation">
<arg>asd</arg>
<kw name="Input Password" library="SeleniumLibrary">
<arg>password_confirmation</arg>
<arg>${password_confirmation}</arg>
<doc>Types the given password into the text field identified by ``locator``.</doc>
<msg timestamp="20241114 19:06:20.266" level="INFO">Typing password into text field 'password_confirmation'.</msg>
<msg timestamp="20241114 19:06:20.520" level="INFO">Temporally setting log level to: NONE</msg>
<msg timestamp="20241114 19:06:20.671" level="INFO">Log level changed from NONE to INFO.</msg>
<status status="PASS" starttime="20241114 19:06:20.266" endtime="20241114 19:06:20.671"/>
</kw>
<status status="PASS" starttime="20241114 19:06:20.265" endtime="20241114 19:06:20.671"/>
</kw>
<kw name="Submit Credentials">
<kw name="Click Button" library="SeleniumLibrary">
<arg>Register</arg>
<doc>Clicks the button identified by ``locator``.</doc>
<msg timestamp="20241114 19:06:20.672" level="INFO">Clicking button 'Register'.</msg>
<status status="PASS" starttime="20241114 19:06:20.671" endtime="20241114 19:06:21.177"/>
</kw>
<status status="PASS" starttime="20241114 19:06:20.671" endtime="20241114 19:06:21.178"/>
</kw>
<kw name="Register Should Fail With Message">
<arg>Password must be at least eight characters long.</arg>
<kw name="Register Page Should Be Open" library="resource">
<kw name="Title Should Be" library="SeleniumLibrary">
<arg>Register</arg>
<doc>Verifies that the current page title equals ``title``.</doc>
<msg timestamp="20241114 19:06:21.285" level="INFO">Page title is 'Register'.</msg>
<status status="PASS" starttime="20241114 19:06:21.179" endtime="20241114 19:06:21.285"/>
</kw>
<status status="PASS" starttime="20241114 19:06:21.178" endtime="20241114 19:06:21.285"/>
</kw>
<kw name="Page Should Contain" library="SeleniumLibrary">
<arg>${message}</arg>
<doc>Verifies that current page contains ``text``.</doc>
<msg timestamp="20241114 19:06:21.504" level="INFO">Current page contains text 'Password must be at least eight characters long.'.</msg>
<status status="PASS" starttime="20241114 19:06:21.285" endtime="20241114 19:06:21.504"/>
</kw>
<status status="PASS" starttime="20241114 19:06:21.178" endtime="20241114 19:06:21.504"/>
</kw>
<status status="PASS" starttime="20241114 19:06:19.329" endtime="20241114 19:06:21.505"/>
</test>
<test id="s1-s3-t4" name="Register With Valid Username And Invalid Password" line="31">
<kw name="Reset Application Create User And Go To Register Page" type="SETUP">
<kw name="Reset Application" library="AppLibrary">
<status status="PASS" starttime="20241114 19:06:21.506" endtime="20241114 19:06:21.511"/>
</kw>
<kw name="Create User" library="AppLibrary">
<arg>kalle</arg>
<arg>kalle123</arg>
<status status="PASS" starttime="20241114 19:06:21.511" endtime="20241114 19:06:21.518"/>
</kw>
<kw name="Go To Register Page" library="resource">
<kw name="Go To" library="SeleniumLibrary">
<arg>${REGISTER_URL}</arg>
<doc>Navigates the current browser window to the provided ``url``.</doc>
<msg timestamp="20241114 19:06:21.518" level="INFO">Opening url 'http://localhost:5001/register'</msg>
<status status="PASS" starttime="20241114 19:06:21.518" endtime="20241114 19:06:21.646"/>
</kw>
<status status="PASS" starttime="20241114 19:06:21.518" endtime="20241114 19:06:21.646"/>
</kw>
<status status="PASS" starttime="20241114 19:06:21.506" endtime="20241114 19:06:21.646"/>
</kw>
<kw name="Set Username">
<arg>joniman</arg>
<kw name="Input Text" library="SeleniumLibrary">
<arg>username</arg>
<arg>${username}</arg>
<doc>Types the given ``text`` into the text field identified by ``locator``.</doc>
<msg timestamp="20241114 19:06:21.647" level="INFO">Typing text 'joniman' into text field 'username'.</msg>
<status status="PASS" starttime="20241114 19:06:21.647" endtime="20241114 19:06:22.049"/>
</kw>
<status status="PASS" starttime="20241114 19:06:21.646" endtime="20241114 19:06:22.049"/>
</kw>
<kw name="Set Password">
<arg>asdasdasd</arg>
<kw name="Input Password" library="SeleniumLibrary">
<arg>password</arg>
<arg>${password}</arg>
<doc>Types the given password into the text field identified by ``locator``.</doc>
<msg timestamp="20241114 19:06:22.050" level="INFO">Typing password into text field 'password'.</msg>
<msg timestamp="20241114 19:06:22.290" level="INFO">Temporally setting log level to: NONE</msg>
<msg timestamp="20241114 19:06:22.440" level="INFO">Log level changed from NONE to INFO.</msg>
<status status="PASS" starttime="20241114 19:06:22.050" endtime="20241114 19:06:22.440"/>
</kw>
<status status="PASS" starttime="20241114 19:06:22.050" endtime="20241114 19:06:22.440"/>
</kw>
<kw name="Set Password Confirmation">
<arg>asdasdasd</arg>
<kw name="Input Password" library="SeleniumLibrary">
<arg>password_confirmation</arg>
<arg>${password_confirmation}</arg>
<doc>Types the given password into the text field identified by ``locator``.</doc>
<msg timestamp="20241114 19:06:22.441" level="INFO">Typing password into text field 'password_confirmation'.</msg>
<msg timestamp="20241114 19:06:22.672" level="INFO">Temporally setting log level to: NONE</msg>
<msg timestamp="20241114 19:06:22.812" level="INFO">Log level changed from NONE to INFO.</msg>
<status status="PASS" starttime="20241114 19:06:22.440" endtime="20241114 19:06:22.813"/>
</kw>
<status status="PASS" starttime="20241114 19:06:22.440" endtime="20241114 19:06:22.813"/>
</kw>
<kw name="Submit Credentials">
<kw name="Click Button" library="SeleniumLibrary">
<arg>Register</arg>
<doc>Clicks the button identified by ``locator``.</doc>
<msg timestamp="20241114 19:06:22.814" level="INFO">Clicking button 'Register'.</msg>
<status status="PASS" starttime="20241114 19:06:22.814" endtime="20241114 19:06:23.318"/>
</kw>
<status status="PASS" starttime="20241114 19:06:22.813" endtime="20241114 19:06:23.318"/>
</kw>
<kw name="Register Should Fail With Message">
<arg>Password must have atleast one number.</arg>
<kw name="Register Page Should Be Open" library="resource">
<kw name="Title Should Be" library="SeleniumLibrary">
<arg>Register</arg>
<doc>Verifies that the current page title equals ``title``.</doc>
<msg timestamp="20241114 19:06:23.425" level="INFO">Page title is 'Register'.</msg>
<status status="PASS" starttime="20241114 19:06:23.318" endtime="20241114 19:06:23.426"/>
</kw>
<status status="PASS" starttime="20241114 19:06:23.318" endtime="20241114 19:06:23.426"/>
</kw>
<kw name="Page Should Contain" library="SeleniumLibrary">
<arg>${message}</arg>
<doc>Verifies that current page contains ``text``.</doc>
<msg timestamp="20241114 19:06:23.643" level="INFO">Current page contains text 'Password must have atleast one number.'.</msg>
<status status="PASS" starttime="20241114 19:06:23.426" endtime="20241114 19:06:23.643"/>
</kw>
<status status="PASS" starttime="20241114 19:06:23.318" endtime="20241114 19:06:23.643"/>
</kw>
<status status="PASS" starttime="20241114 19:06:21.505" endtime="20241114 19:06:23.643"/>
</test>
<test id="s1-s3-t5" name="Register With Nonmatching Password And Password Confirmation" line="38">
<kw name="Reset Application Create User And Go To Register Page" type="SETUP">
<kw name="Reset Application" library="AppLibrary">
<status status="PASS" starttime="20241114 19:06:23.644" endtime="20241114 19:06:23.646"/>
</kw>
<kw name="Create User" library="AppLibrary">
<arg>kalle</arg>
<arg>kalle123</arg>
<status status="PASS" starttime="20241114 19:06:23.646" endtime="20241114 19:06:23.650"/>
</kw>
<kw name="Go To Register Page" library="resource">
<kw name="Go To" library="SeleniumLibrary">
<arg>${REGISTER_URL}</arg>
<doc>Navigates the current browser window to the provided ``url``.</doc>
<msg timestamp="20241114 19:06:23.651" level="INFO">Opening url 'http://localhost:5001/register'</msg>
<status status="PASS" starttime="20241114 19:06:23.651" endtime="20241114 19:06:23.777"/>
</kw>
<status status="PASS" starttime="20241114 19:06:23.651" endtime="20241114 19:06:23.777"/>
</kw>
<status status="PASS" starttime="20241114 19:06:23.644" endtime="20241114 19:06:23.777"/>
</kw>
<kw name="Set Username">
<arg>joniman</arg>
<kw name="Input Text" library="SeleniumLibrary">
<arg>username</arg>
<arg>${username}</arg>
<doc>Types the given ``text`` into the text field identified by ``locator``.</doc>
<msg timestamp="20241114 19:06:23.778" level="INFO">Typing text 'joniman' into text field 'username'.</msg>
<status status="PASS" starttime="20241114 19:06:23.778" endtime="20241114 19:06:24.189"/>
</kw>
<status status="PASS" starttime="20241114 19:06:23.777" endtime="20241114 19:06:24.189"/>
</kw>
<kw name="Set Password">
<arg>asdasd123</arg>
<kw name="Input Password" library="SeleniumLibrary">
<arg>password</arg>
<arg>${password}</arg>
<doc>Types the given password into the text field identified by ``locator``.</doc>
<msg timestamp="20241114 19:06:24.189" level="INFO">Typing password into text field 'password'.</msg>
<msg timestamp="20241114 19:06:24.421" level="INFO">Temporally setting log level to: NONE</msg>
<msg timestamp="20241114 19:06:24.578" level="INFO">Log level changed from NONE to INFO.</msg>
<status status="PASS" starttime="20241114 19:06:24.189" endtime="20241114 19:06:24.578"/>
</kw>
<status status="PASS" starttime="20241114 19:06:24.189" endtime="20241114 19:06:24.578"/>
</kw>
<kw name="Set Password Confirmation">
<arg>asdasd111</arg>
<kw name="Input Password" library="SeleniumLibrary">
<arg>password_confirmation</arg>
<arg>${password_confirmation}</arg>
<doc>Types the given password into the text field identified by ``locator``.</doc>
<msg timestamp="20241114 19:06:24.580" level="INFO">Typing password into text field 'password_confirmation'.</msg>
<msg timestamp="20241114 19:06:24.856" level="INFO">Temporally setting log level to: NONE</msg>
<msg timestamp="20241114 19:06:25.007" level="INFO">Log level changed from NONE to INFO.</msg>
<status status="PASS" starttime="20241114 19:06:24.579" endtime="20241114 19:06:25.007"/>
</kw>
<status status="PASS" starttime="20241114 19:06:24.578" endtime="20241114 19:06:25.007"/>
</kw>
<kw name="Submit Credentials">
<kw name="Click Button" library="SeleniumLibrary">
<arg>Register</arg>
<doc>Clicks the button identified by ``locator``.</doc>
<msg timestamp="20241114 19:06:25.007" level="INFO">Clicking button 'Register'.</msg>
<status status="PASS" starttime="20241114 19:06:25.007" endtime="20241114 19:06:25.525"/>
</kw>
<status status="PASS" starttime="20241114 19:06:25.007" endtime="20241114 19:06:25.525"/>
</kw>
<kw name="Register Should Fail With Message">
<arg>Passwords didn't match.</arg>
<kw name="Register Page Should Be Open" library="resource">
<kw name="Title Should Be" library="SeleniumLibrary">
<arg>Register</arg>
<doc>Verifies that the current page title equals ``title``.</doc>
<msg timestamp="20241114 19:06:25.635" level="INFO">Page title is 'Register'.</msg>
<status status="PASS" starttime="20241114 19:06:25.526" endtime="20241114 19:06:25.635"/>
</kw>
<status status="PASS" starttime="20241114 19:06:25.526" endtime="20241114 19:06:25.635"/>
</kw>
<kw name="Page Should Contain" library="SeleniumLibrary">
<arg>${message}</arg>
<doc>Verifies that current page contains ``text``.</doc>
<msg timestamp="20241114 19:06:25.850" level="INFO">Current page contains text 'Passwords didn't match.'.</msg>
<status status="PASS" starttime="20241114 19:06:25.635" endtime="20241114 19:06:25.850"/>
</kw>
<status status="PASS" starttime="20241114 19:06:25.525" endtime="20241114 19:06:25.850"/>
</kw>
<status status="PASS" starttime="20241114 19:06:23.644" endtime="20241114 19:06:25.850"/>
</test>
<test id="s1-s3-t6" name="Register With Username That Is Already In Use" line="45">
<kw name="Reset Application Create User And Go To Register Page" type="SETUP">
<kw name="Reset Application" library="AppLibrary">
<status status="PASS" starttime="20241114 19:06:25.851" endtime="20241114 19:06:25.853"/>
</kw>
<kw name="Create User" library="AppLibrary">
<arg>kalle</arg>
<arg>kalle123</arg>
<status status="PASS" starttime="20241114 19:06:25.853" endtime="20241114 19:06:25.858"/>
</kw>
<kw name="Go To Register Page" library="resource">
<kw name="Go To" library="SeleniumLibrary">
<arg>${REGISTER_URL}</arg>
<doc>Navigates the current browser window to the provided ``url``.</doc>
<msg timestamp="20241114 19:06:25.858" level="INFO">Opening url 'http://localhost:5001/register'</msg>
<status status="PASS" starttime="20241114 19:06:25.858" endtime="20241114 19:06:25.982"/>
</kw>
<status status="PASS" starttime="20241114 19:06:25.858" endtime="20241114 19:06:25.982"/>
</kw>
<status status="PASS" starttime="20241114 19:06:25.851" endtime="20241114 19:06:25.982"/>
</kw>
<kw name="Set Username">
<arg>kalle</arg>
<kw name="Input Text" library="SeleniumLibrary">
<arg>username</arg>
<arg>${username}</arg>
<doc>Types the given ``text`` into the text field identified by ``locator``.</doc>
<msg timestamp="20241114 19:06:25.983" level="INFO">Typing text 'kalle' into text field 'username'.</msg>
<status status="PASS" starttime="20241114 19:06:25.983" endtime="20241114 19:06:26.363"/>
</kw>
<status status="PASS" starttime="20241114 19:06:25.982" endtime="20241114 19:06:26.363"/>
</kw>
<kw name="Set Password">
<arg>asdasd123</arg>
<kw name="Input Password" library="SeleniumLibrary">
<arg>password</arg>
<arg>${password}</arg>
<doc>Types the given password into the text field identified by ``locator``.</doc>
<msg timestamp="20241114 19:06:26.364" level="INFO">Typing password into text field 'password'.</msg>
<msg timestamp="20241114 19:06:26.605" level="INFO">Temporally setting log level to: NONE</msg>
<msg timestamp="20241114 19:06:26.782" level="INFO">Log level changed from NONE to INFO.</msg>
<status status="PASS" starttime="20241114 19:06:26.363" endtime="20241114 19:06:26.782"/>
</kw>
<status status="PASS" starttime="20241114 19:06:26.363" endtime="20241114 19:06:26.782"/>
</kw>
<kw name="Set Password Confirmation">
<arg>asdasd123</arg>
<kw name="Input Password" library="SeleniumLibrary">
<arg>password_confirmation</arg>
<arg>${password_confirmation}</arg>
<doc>Types the given password into the text field identified by ``locator``.</doc>
<msg timestamp="20241114 19:06:26.784" level="INFO">Typing password into text field 'password_confirmation'.</msg>
<msg timestamp="20241114 19:06:27.088" level="INFO">Temporally setting log level to: NONE</msg>
<msg timestamp="20241114 19:06:27.256" level="INFO">Log level changed from NONE to INFO.</msg>
<status status="PASS" starttime="20241114 19:06:26.783" endtime="20241114 19:06:27.256"/>
</kw>
<status status="PASS" starttime="20241114 19:06:26.783" endtime="20241114 19:06:27.257"/>
</kw>
<kw name="Submit Credentials">
<kw name="Click Button" library="SeleniumLibrary">
<arg>Register</arg>
<doc>Clicks the button identified by ``locator``.</doc>
<msg timestamp="20241114 19:06:27.258" level="INFO">Clicking button 'Register'.</msg>
<status status="PASS" starttime="20241114 19:06:27.257" endtime="20241114 19:06:27.752"/>
</kw>
<status status="PASS" starttime="20241114 19:06:27.257" endtime="20241114 19:06:27.752"/>
</kw>
<kw name="Register Should Fail With Message">
<arg>User with username kalle already exists</arg>
<kw name="Register Page Should Be Open" library="resource">
<kw name="Title Should Be" library="SeleniumLibrary">
<arg>Register</arg>
<doc>Verifies that the current page title equals ``title``.</doc>
<msg timestamp="20241114 19:06:27.861" level="INFO">Page title is 'Register'.</msg>
<status status="PASS" starttime="20241114 19:06:27.753" endtime="20241114 19:06:27.862"/>
</kw>
<status status="PASS" starttime="20241114 19:06:27.752" endtime="20241114 19:06:27.862"/>
</kw>
<kw name="Page Should Contain" library="SeleniumLibrary">
<arg>${message}</arg>
<doc>Verifies that current page contains ``text``.</doc>
<msg timestamp="20241114 19:06:28.075" level="INFO">Current page contains text 'User with username kalle already exists'.</msg>
<status status="PASS" starttime="20241114 19:06:27.862" endtime="20241114 19:06:28.076"/>
</kw>
<status status="PASS" starttime="20241114 19:06:27.752" endtime="20241114 19:06:28.076"/>
</kw>
<status status="PASS" starttime="20241114 19:06:25.851" endtime="20241114 19:06:28.076"/>
</test>
<test id="s1-s3-t7" name="Login After Successful Registration" line="52">
<kw name="Reset Application Create User And Go To Register Page" type="SETUP">
<kw name="Reset Application" library="AppLibrary">
<status status="PASS" starttime="20241114 19:06:28.077" endtime="20241114 19:06:28.080"/>
</kw>
<kw name="Create User" library="AppLibrary">
<arg>kalle</arg>
<arg>kalle123</arg>
<status status="PASS" starttime="20241114 19:06:28.080" endtime="20241114 19:06:28.084"/>
</kw>
<kw name="Go To Register Page" library="resource">
<kw name="Go To" library="SeleniumLibrary">
<arg>${REGISTER_URL}</arg>
<doc>Navigates the current browser window to the provided ``url``.</doc>
<msg timestamp="20241114 19:06:28.085" level="INFO">Opening url 'http://localhost:5001/register'</msg>
<status status="PASS" starttime="20241114 19:06:28.085" endtime="20241114 19:06:28.218"/>
</kw>
<status status="PASS" starttime="20241114 19:06:28.084" endtime="20241114 19:06:28.218"/>
</kw>
<status status="PASS" starttime="20241114 19:06:28.077" endtime="20241114 19:06:28.218"/>
</kw>
<kw name="Create User With Valid Inputs">
<kw name="Set Username">
<arg>${USERNAME}</arg>
<kw name="Input Text" library="SeleniumLibrary">
<arg>username</arg>
<arg>${username}</arg>
<doc>Types the given ``text`` into the text field identified by ``locator``.</doc>
<msg timestamp="20241114 19:06:28.219" level="INFO">Typing text 'joniman' into text field 'username'.</msg>
<status status="PASS" starttime="20241114 19:06:28.218" endtime="20241114 19:06:28.603"/>
</kw>
<status status="PASS" starttime="20241114 19:06:28.218" endtime="20241114 19:06:28.603"/>
</kw>
<kw name="Set Password">
<arg>${PASSWORD}</arg>
<kw name="Input Password" library="SeleniumLibrary">
<arg>password</arg>
<arg>${password}</arg>
<doc>Types the given password into the text field identified by ``locator``.</doc>
<msg timestamp="20241114 19:06:28.604" level="INFO">Typing password into text field 'password'.</msg>
<msg timestamp="20241114 19:06:28.846" level="INFO">Temporally setting log level to: NONE</msg>
<msg timestamp="20241114 19:06:29.001" level="INFO">Log level changed from NONE to INFO.</msg>
<status status="PASS" starttime="20241114 19:06:28.604" endtime="20241114 19:06:29.001"/>
</kw>
<status status="PASS" starttime="20241114 19:06:28.603" endtime="20241114 19:06:29.001"/>
</kw>
<kw name="Set Password Confirmation">
<arg>${PASSWORD}</arg>
<kw name="Input Password" library="SeleniumLibrary">
<arg>password_confirmation</arg>
<arg>${password_confirmation}</arg>
<doc>Types the given password into the text field identified by ``locator``.</doc>
<msg timestamp="20241114 19:06:29.002" level="INFO">Typing password into text field 'password_confirmation'.</msg>
<msg timestamp="20241114 19:06:29.231" level="INFO">Temporally setting log level to: NONE</msg>
<msg timestamp="20241114 19:06:29.370" level="INFO">Log level changed from NONE to INFO.</msg>
<status status="PASS" starttime="20241114 19:06:29.001" endtime="20241114 19:06:29.370"/>
</kw>
<status status="PASS" starttime="20241114 19:06:29.001" endtime="20241114 19:06:29.370"/>
</kw>
<kw name="Submit Credentials">
<kw name="Click Button" library="SeleniumLibrary">
<arg>Register</arg>
<doc>Clicks the button identified by ``locator``.</doc>
<msg timestamp="20241114 19:06:29.371" level="INFO">Clicking button 'Register'.</msg>
<status status="PASS" starttime="20241114 19:06:29.370" endtime="20241114 19:06:29.870"/>
</kw>
<status status="PASS" starttime="20241114 19:06:29.370" endtime="20241114 19:06:29.871"/>
</kw>
<status status="PASS" starttime="20241114 19:06:28.218" endtime="20241114 19:06:29.871"/>
</kw>
<kw name="Move To Main Page And Logout">
<kw name="Click Link" library="SeleniumLibrary">
<arg>Continue to main page</arg>
<doc>Clicks a link identified by ``locator``.</doc>
<msg timestamp="20241114 19:06:29.872" level="INFO">Clicking link 'Continue to main page'.</msg>
<status status="PASS" starttime="20241114 19:06:29.871" endtime="20241114 19:06:30.299"/>
</kw>
<kw name="Click Button" library="SeleniumLibrary">
<arg>Logout</arg>
<doc>Clicks the button identified by ``locator``.</doc>
<msg timestamp="20241114 19:06:30.300" level="INFO">Clicking button 'Logout'.</msg>
<status status="PASS" starttime="20241114 19:06:30.300" endtime="20241114 19:06:30.797"/>
</kw>
<status status="PASS" starttime="20241114 19:06:29.871" endtime="20241114 19:06:30.797"/>
</kw>
<kw name="Login with created username">
<kw name="Set Username">
<arg>${USERNAME}</arg>
<kw name="Input Text" library="SeleniumLibrary">
<arg>username</arg>
<arg>${username}</arg>
<doc>Types the given ``text`` into the text field identified by ``locator``.</doc>
<msg timestamp="20241114 19:06:30.797" level="INFO">Typing text 'joniman' into text field 'username'.</msg>
<status status="PASS" starttime="20241114 19:06:30.797" endtime="20241114 19:06:31.169"/>
</kw>
<status status="PASS" starttime="20241114 19:06:30.797" endtime="20241114 19:06:31.170"/>
</kw>
<kw name="Set Password">
<arg>${PASSWORD}</arg>
<kw name="Input Password" library="SeleniumLibrary">
<arg>password</arg>
<arg>${password}</arg>
<doc>Types the given password into the text field identified by ``locator``.</doc>
<msg timestamp="20241114 19:06:31.170" level="INFO">Typing password into text field 'password'.</msg>
<msg timestamp="20241114 19:06:31.402" level="INFO">Temporally setting log level to: NONE</msg>
<msg timestamp="20241114 19:06:31.546" level="INFO">Log level changed from NONE to INFO.</msg>
<status status="PASS" starttime="20241114 19:06:31.170" endtime="20241114 19:06:31.546"/>
</kw>
<status status="PASS" starttime="20241114 19:06:31.170" endtime="20241114 19:06:31.546"/>
</kw>
<kw name="Click Button" library="SeleniumLibrary">
<arg>Login</arg>
<doc>Clicks the button identified by ``locator``.</doc>
<msg timestamp="20241114 19:06:31.547" level="INFO">Clicking button 'Login'.</msg>
<status status="PASS" starttime="20241114 19:06:31.547" endtime="20241114 19:06:32.048"/>
</kw>
<status status="PASS" starttime="20241114 19:06:30.797" endtime="20241114 19:06:32.048"/>
</kw>
<kw name="Login Should Succeed">
<kw name="Main Page Should Be Open" library="resource">
<kw name="Title Should Be" library="SeleniumLibrary">
<arg>Ohtu Application main page</arg>
<doc>Verifies that the current page title equals ``title``.</doc>
<msg timestamp="20241114 19:06:32.153" level="INFO">Page title is 'Ohtu Application main page'.</msg>
<status status="PASS" starttime="20241114 19:06:32.049" endtime="20241114 19:06:32.154"/>
</kw>
<status status="PASS" starttime="20241114 19:06:32.048" endtime="20241114 19:06:32.154"/>
</kw>
<status status="PASS" starttime="20241114 19:06:32.048" endtime="20241114 19:06:32.154"/>
</kw>
<status status="PASS" starttime="20241114 19:06:28.076" endtime="20241114 19:06:32.154"/>
</test>
<test id="s1-s3-t8" name="Login After Failed Registration" line="58">
<kw name="Reset Application Create User And Go To Register Page" type="SETUP">
<kw name="Reset Application" library="AppLibrary">
<status status="PASS" starttime="20241114 19:06:32.154" endtime="20241114 19:06:32.157"/>
</kw>
<kw name="Create User" library="AppLibrary">
<arg>kalle</arg>
<arg>kalle123</arg>
<status status="PASS" starttime="20241114 19:06:32.158" endtime="20241114 19:06:32.164"/>
</kw>
<kw name="Go To Register Page" library="resource">
<kw name="Go To" library="SeleniumLibrary">
<arg>${REGISTER_URL}</arg>
<doc>Navigates the current browser window to the provided ``url``.</doc>
<msg timestamp="20241114 19:06:32.165" level="INFO">Opening url 'http://localhost:5001/register'</msg>
<status status="PASS" starttime="20241114 19:06:32.165" endtime="20241114 19:06:32.300"/>
</kw>
<status status="PASS" starttime="20241114 19:06:32.164" endtime="20241114 19:06:32.300"/>
</kw>
<status status="PASS" starttime="20241114 19:06:32.154" endtime="20241114 19:06:32.300"/>
</kw>
<kw name="Set Username">
<arg>joniman</arg>
<kw name="Input Text" library="SeleniumLibrary">
<arg>username</arg>
<arg>${username}</arg>
<doc>Types the given ``text`` into the text field identified by ``locator``.</doc>
<msg timestamp="20241114 19:06:32.301" level="INFO">Typing text 'joniman' into text field 'username'.</msg>
<status status="PASS" starttime="20241114 19:06:32.301" endtime="20241114 19:06:32.668"/>
</kw>
<status status="PASS" starttime="20241114 19:06:32.300" endtime="20241114 19:06:32.668"/>
</kw>
<kw name="Set Password">
<arg>asdasdasd</arg>
<kw name="Input Password" library="SeleniumLibrary">
<arg>password</arg>
<arg>${password}</arg>
<doc>Types the given password into the text field identified by ``locator``.</doc>
<msg timestamp="20241114 19:06:32.669" level="INFO">Typing password into text field 'password'.</msg>
<msg timestamp="20241114 19:06:32.909" level="INFO">Temporally setting log level to: NONE</msg>
<msg timestamp="20241114 19:06:33.063" level="INFO">Log level changed from NONE to INFO.</msg>
<status status="PASS" starttime="20241114 19:06:32.669" endtime="20241114 19:06:33.063"/>
</kw>
<status status="PASS" starttime="20241114 19:06:32.668" endtime="20241114 19:06:33.064"/>
</kw>
<kw name="Set Password Confirmation">
<arg>asdasdasd</arg>
<kw name="Input Password" library="SeleniumLibrary">
<arg>password_confirmation</arg>
<arg>${password_confirmation}</arg>
<doc>Types the given password into the text field identified by ``locator``.</doc>
<msg timestamp="20241114 19:06:33.064" level="INFO">Typing password into text field 'password_confirmation'.</msg>
<msg timestamp="20241114 19:06:33.318" level="INFO">Temporally setting log level to: NONE</msg>
<msg timestamp="20241114 19:06:33.495" level="INFO">Log level changed from NONE to INFO.</msg>
<status status="PASS" starttime="20241114 19:06:33.064" endtime="20241114 19:06:33.495"/>
</kw>
<status status="PASS" starttime="20241114 19:06:33.064" endtime="20241114 19:06:33.496"/>
</kw>
<kw name="Submit Credentials">
<kw name="Click Button" library="SeleniumLibrary">
<arg>Register</arg>
<doc>Clicks the button identified by ``locator``.</doc>
<msg timestamp="20241114 19:06:33.496" level="INFO">Clicking button 'Register'.</msg>
<status status="PASS" starttime="20241114 19:06:33.496" endtime="20241114 19:06:33.997"/>
</kw>
<status status="PASS" starttime="20241114 19:06:33.496" endtime="20241114 19:06:33.997"/>
</kw>
<kw name="Click Link" library="SeleniumLibrary">
<arg>Login</arg>
<doc>Clicks a link identified by ``locator``.</doc>
<msg timestamp="20241114 19:06:33.998" level="INFO">Clicking link 'Login'.</msg>
<status status="PASS" starttime="20241114 19:06:33.998" endtime="20241114 19:06:34.418"/>
</kw>
<kw name="Set Username">
<arg>joniman</arg>
<kw name="Input Text" library="SeleniumLibrary">
<arg>username</arg>
<arg>${username}</arg>
<doc>Types the given ``text`` into the text field identified by ``locator``.</doc>
<msg timestamp="20241114 19:06:34.419" level="INFO">Typing text 'joniman' into text field 'username'.</msg>
<status status="PASS" starttime="20241114 19:06:34.419" endtime="20241114 19:06:34.838"/>
</kw>
<status status="PASS" starttime="20241114 19:06:34.419" endtime="20241114 19:06:34.838"/>
</kw>
<kw name="Set Password">
<arg>asdasdasd</arg>
<kw name="Input Password" library="SeleniumLibrary">
<arg>password</arg>
<arg>${password}</arg>
<doc>Types the given password into the text field identified by ``locator``.</doc>
<msg timestamp="20241114 19:06:34.839" level="INFO">Typing password into text field 'password'.</msg>
<msg timestamp="20241114 19:06:35.077" level="INFO">Temporally setting log level to: NONE</msg>
<msg timestamp="20241114 19:06:35.216" level="INFO">Log level changed from NONE to INFO.</msg>
<status status="PASS" starttime="20241114 19:06:34.839" endtime="20241114 19:06:35.216"/>
</kw>
<status status="PASS" starttime="20241114 19:06:34.839" endtime="20241114 19:06:35.216"/>
</kw>
<kw name="Click Button" library="SeleniumLibrary">
<arg>Login</arg>
<doc>Clicks the button identified by ``locator``.</doc>
<msg timestamp="20241114 19:06:35.217" level="INFO">Clicking button 'Login'.</msg>
<status status="PASS" starttime="20241114 19:06:35.217" endtime="20241114 19:06:35.712"/>
</kw>
<kw name="Login Should Fail With Message">
<arg>Invalid username or password</arg>
<kw name="Login Page Should Be Open" library="resource">
<kw name="Title Should Be" library="SeleniumLibrary">
<arg>Login</arg>
<doc>Verifies that the current page title equals ``title``.</doc>
<msg timestamp="20241114 19:06:35.818" level="INFO">Page title is 'Login'.</msg>
<status status="PASS" starttime="20241114 19:06:35.712" endtime="20241114 19:06:35.818"/>
</kw>
<status status="PASS" starttime="20241114 19:06:35.712" endtime="20241114 19:06:35.818"/>
</kw>
<kw name="Page Should Contain" library="SeleniumLibrary">
<arg>${message}</arg>
<doc>Verifies that current page contains ``text``.</doc>
<msg timestamp="20241114 19:06:36.033" level="INFO">Current page contains text 'Invalid username or password'.</msg>
<status status="PASS" starttime="20241114 19:06:35.818" endtime="20241114 19:06:36.033"/>
</kw>
<status status="PASS" starttime="20241114 19:06:35.712" endtime="20241114 19:06:36.033"/>
</kw>
<status status="PASS" starttime="20241114 19:06:32.154" endtime="20241114 19:06:36.033"/>
</test>
<kw name="Close Browser" library="SeleniumLibrary" type="TEARDOWN">
<doc>Closes the current browser.</doc>
<status status="PASS" starttime="20241114 19:06:36.035" endtime="20241114 19:06:36.196"/>
</kw>
<status status="PASS" starttime="20241114 19:06:14.787" endtime="20241114 19:06:36.196"/>
</suite>
<status status="PASS" starttime="20241114 19:06:05.339" endtime="20241114 19:06:36.200"/>
</suite>
<statistics>
<total>
<stat pass="13" fail="0" skip="0">All Tests</stat>
</total>
<tag>
</tag>
<suite>
<stat pass="13" fail="0" skip="0" id="s1" name="Tests">Tests</stat>
<stat pass="2" fail="0" skip="0" id="s1-s1" name="Home">Tests.Home</stat>
<stat pass="3" fail="0" skip="0" id="s1-s2" name="Login">Tests.Login</stat>
<stat pass="8" fail="0" skip="0" id="s1-s3" name="Register">Tests.Register</stat>
</suite>
</statistics>
<errors>
</errors>
</robot>
